TN:
SF:src/azureRegions.ts
FN:78,getRegionsByClassification
FN:80,(anonymous_5)
FN:81,(anonymous_6)
FN:84,getRegionsByCountryCode
FN:86,(anonymous_8)
FN:87,(anonymous_9)
FN:90,getRegionsByCountry
FN:92,(anonymous_11)
FN:93,(anonymous_12)
FN:96,resolveRegionExclusions
FN:103,(anonymous_15)
FN:111,(anonymous_16)
FN:118,(anonymous_17)
FN:208,validateRpcNodeType
FN:212,getRpcCapabilities
FNF:15
FNH:11
FNDA:4,getRegionsByClassification
FNDA:172,(anonymous_5)
FNDA:43,(anonymous_6)
FNDA:2,getRegionsByCountryCode
FNDA:86,(anonymous_8)
FNDA:14,(anonymous_9)
FNDA:0,getRegionsByCountry
FNDA:0,(anonymous_11)
FNDA:0,(anonymous_12)
FNDA:4,resolveRegionExclusions
FNDA:107,(anonymous_15)
FNDA:14,(anonymous_16)
FNDA:0,(anonymous_17)
FNDA:10,validateRpcNodeType
FNDA:3,getRpcCapabilities
DA:11,1
DA:78,1
DA:79,4
DA:80,172
DA:81,43
DA:84,1
DA:85,2
DA:86,86
DA:87,14
DA:90,1
DA:91,0
DA:92,0
DA:93,0
DA:96,1
DA:97,4
DA:99,6
DA:100,6
DA:103,107
DA:104,4
DA:109,2
DA:110,2
DA:111,14
DA:116,0
DA:117,0
DA:118,0
DA:122,4
DA:140,1
DA:208,1
DA:209,10
DA:212,1
DA:213,3
DA:214,3
LF:32
LH:26
BRDA:103,0,0,4
BRDA:109,1,0,2
BRDA:117,2,0,0
BRF:3
BRH:2
end_of_record
TN:
SF:src/networkBuilder.ts
FN:69,buildNetwork
FN:139,generateAzureParameterFile
FNF:2
FNH:0
FNDA:0,buildNetwork
FNDA:0,generateAzureParameterFile
DA:1,0
DA:2,0
DA:3,0
DA:5,0
DA:69,0
DA:70,0
DA:71,0
DA:72,0
DA:75,0
DA:77,0
DA:78,0
DA:81,0
DA:83,0
DA:85,0
DA:86,0
DA:89,0
DA:90,0
DA:94,0
DA:95,0
DA:99,0
DA:100,0
DA:102,0
DA:103,0
DA:105,0
DA:106,0
DA:109,0
DA:110,0
DA:113,0
DA:114,0
DA:117,0
DA:118,0
DA:121,0
DA:123,0
DA:124,0
DA:125,0
DA:128,0
DA:129,0
DA:132,0
DA:133,0
DA:135,0
DA:140,0
DA:141,0
DA:144,0
DA:145,0
DA:149,0
DA:157,0
DA:158,0
DA:160,0
LF:48
LH:0
BRDA:75,0,0,0
BRDA:75,0,1,0
BRDA:81,1,0,0
BRDA:81,2,0,0
BRDA:81,2,1,0
BRDA:85,3,0,0
BRDA:89,4,0,0
BRDA:105,5,0,0
BRDA:109,6,0,0
BRDA:113,7,0,0
BRDA:117,8,0,0
BRDA:128,9,0,0
BRDA:128,10,0,0
BRDA:128,10,1,0
BRDA:132,11,0,0
BRDA:144,12,0,0
BRDA:152,13,0,0
BRDA:152,13,1,0
BRDA:153,14,0,0
BRDA:153,14,1,0
BRF:20
BRH:0
end_of_record
TN:
SF:src/networkValidator.ts
FN:19,(anonymous_3)
FN:20,(anonymous_4)
FN:22,push
FN:26,validateContext
FN:109,validateAzureConfiguration
FN:126,(anonymous_8)
FN:129,(anonymous_9)
FN:148,(anonymous_10)
FN:214,validateResolvedTopology
FNF:9
FNH:0
FNDA:0,(anonymous_3)
FNDA:0,(anonymous_4)
FNDA:0,push
FNDA:0,validateContext
FNDA:0,validateAzureConfiguration
FNDA:0,(anonymous_8)
FNDA:0,(anonymous_9)
FNDA:0,(anonymous_10)
FNDA:0,validateResolvedTopology
DA:5,0
DA:6,0
DA:11,0
DA:12,0
DA:13,0
DA:14,0
DA:15,0
DA:16,0
DA:17,0
DA:19,0
DA:20,0
DA:23,0
DA:26,0
DA:27,0
DA:30,0
DA:31,0
DA:32,0
DA:33,0
DA:34,0
DA:35,0
DA:36,0
DA:37,0
DA:38,0
DA:39,0
DA:40,0
DA:43,0
DA:44,0
DA:45,0
DA:46,0
DA:47,0
DA:48,0
DA:49,0
DA:52,0
DA:53,0
DA:56,0
DA:57,0
DA:58,0
DA:59,0
DA:60,0
DA:62,0
DA:63,0
DA:64,0
DA:68,0
DA:73,0
DA:74,0
DA:78,0
DA:79,0
DA:80,0
DA:84,0
DA:85,0
DA:86,0
DA:87,0
DA:89,0
DA:90,0
DA:95,0
DA:96,0
DA:97,0
DA:98,0
DA:99,0
DA:106,0
DA:111,0
DA:112,0
DA:116,0
DA:117,0
DA:121,0
DA:122,0
DA:126,0
DA:128,0
DA:129,0
DA:130,0
DA:131,0
DA:135,0
DA:136,0
DA:140,0
DA:141,0
DA:142,0
DA:143,0
DA:144,0
DA:145,0
DA:148,0
DA:149,0
DA:150,0
DA:156,0
DA:161,0
DA:162,0
DA:163,0
DA:164,0
DA:165,0
DA:167,0
DA:169,0
DA:170,0
DA:173,0
DA:178,0
DA:179,0
DA:183,0
DA:184,0
DA:192,0
DA:193,0
DA:194,0
DA:195,0
DA:201,0
DA:202,0
DA:203,0
DA:204,0
DA:205,0
DA:206,0
DA:207,0
DA:209,0
DA:214,0
DA:215,0
DA:217,0
DA:218,0
DA:222,0
DA:223,0
DA:227,0
DA:228,0
DA:229,0
DA:230,0
DA:233,0
DA:234,0
DA:238,0
DA:239,0
DA:240,0
DA:241,0
DA:248,0
DA:249,0
DA:250,0
DA:251,0
DA:252,0
DA:256,0
LF:130
LH:0
BRDA:19,0,0,0
BRDA:19,0,1,0
BRDA:20,1,0,0
BRDA:20,1,1,0
BRDA:23,2,0,0
BRDA:30,3,0,0
BRDA:30,3,1,0
BRDA:30,3,2,0
BRDA:32,4,0,0
BRDA:32,4,1,0
BRDA:36,5,0,0
BRDA:36,5,1,0
BRDA:37,6,0,0
BRDA:37,6,1,0
BRDA:38,7,0,0
BRDA:38,7,1,0
BRDA:39,8,0,0
BRDA:39,8,1,0
BRDA:40,9,0,0
BRDA:40,9,1,0
BRDA:43,10,0,0
BRDA:43,10,1,0
BRDA:44,11,0,0
BRDA:44,11,1,0
BRDA:45,12,0,0
BRDA:45,12,1,0
BRDA:46,13,0,0
BRDA:46,13,1,0
BRDA:47,14,0,0
BRDA:47,14,1,0
BRDA:48,15,0,0
BRDA:48,15,1,0
BRDA:49,16,0,0
BRDA:49,16,1,0
BRDA:52,17,0,0
BRDA:56,18,0,0
BRDA:59,19,0,0
BRDA:59,19,1,0
BRDA:73,20,0,0
BRDA:78,21,0,0
BRDA:78,21,1,0
BRDA:79,22,0,0
BRDA:84,23,0,0
BRDA:84,24,0,0
BRDA:84,24,1,0
BRDA:85,25,0,0
BRDA:85,25,1,0
BRDA:86,26,0,0
BRDA:89,27,0,0
BRDA:89,28,0,0
BRDA:89,28,1,0
BRDA:95,29,0,0
BRDA:95,29,1,0
BRDA:95,30,0,0
BRDA:95,30,1,0
BRDA:95,31,0,0
BRDA:95,31,1,0
BRDA:95,32,0,0
BRDA:95,32,1,0
BRDA:96,33,0,0
BRDA:96,34,0,0
BRDA:96,34,1,0
BRDA:97,35,0,0
BRDA:97,35,1,0
BRDA:97,36,0,0
BRDA:97,36,1,0
BRDA:98,37,0,0
BRDA:98,38,0,0
BRDA:98,38,1,0
BRDA:111,39,0,0
BRDA:116,40,0,0
BRDA:121,41,0,0
BRDA:128,42,0,0
BRDA:130,43,0,0
BRDA:135,44,0,0
BRDA:140,45,0,0
BRDA:143,46,0,0
BRDA:149,47,0,0
BRDA:161,48,0,0
BRDA:167,49,0,0
BRDA:178,50,0,0
BRDA:179,51,0,0
BRDA:179,51,1,0
BRDA:179,51,2,0
BRDA:179,51,3,0
BRDA:179,51,4,0
BRDA:179,51,5,0
BRDA:183,52,0,0
BRDA:192,53,0,0
BRDA:194,54,0,0
BRDA:194,55,0,0
BRDA:194,55,1,0
BRDA:194,55,2,0
BRDA:201,56,0,0
BRDA:217,57,0,0
BRDA:222,58,0,0
BRDA:222,59,0,0
BRDA:222,59,1,0
BRDA:227,60,0,0
BRDA:229,61,0,0
BRDA:229,62,0,0
BRDA:229,62,1,0
BRDA:233,63,0,0
BRDA:238,64,0,0
BRDA:239,65,0,0
BRDA:239,65,1,0
BRDA:240,66,0,0
BRDA:240,67,0,0
BRDA:240,67,1,0
BRDA:248,68,0,0
BRDA:248,69,0,0
BRDA:248,69,1,0
BRDA:249,70,0,0
BRDA:249,70,1,0
BRDA:251,71,0,0
BRDA:251,72,0,0
BRDA:251,72,1,0
BRF:117
BRH:0
end_of_record
TN:
SF:src/questionRenderer.ts
FN:4,(anonymous_14)
FN:8,QuestionRenderer
FN:13,(anonymous_16)
FN:37,(anonymous_19)
FN:82,(anonymous_22)
FN:94,(anonymous_25)
FN:119,(anonymous_28)
FN:126,(anonymous_29)
FNF:8
FNH:0
FNDA:0,(anonymous_14)
FNDA:0,QuestionRenderer
FNDA:0,(anonymous_16)
FNDA:0,(anonymous_19)
FNDA:0,(anonymous_22)
FNDA:0,(anonymous_25)
FNDA:0,(anonymous_28)
FNDA:0,(anonymous_29)
DA:2,0
DA:4,0
DA:9,0
DA:10,0
DA:13,0
DA:15,0
DA:17,0
DA:19,0
DA:21,0
DA:22,0
DA:23,0
DA:24,0
DA:25,0
DA:27,0
DA:31,0
DA:34,0
DA:37,0
DA:38,0
DA:40,0
DA:41,0
DA:44,0
DA:46,0
DA:47,0
DA:48,0
DA:49,0
DA:51,0
DA:54,0
DA:55,0
DA:57,0
DA:58,0
DA:60,0
DA:61,0
DA:69,0
DA:71,0
DA:73,0
DA:75,0
DA:76,0
DA:78,0
DA:82,0
DA:83,0
DA:85,0
DA:86,0
DA:89,0
DA:91,0
DA:94,0
DA:100,0
DA:101,0
DA:105,0
DA:107,0
DA:110,0
DA:113,0
DA:115,0
DA:119,0
DA:120,0
DA:122,0
DA:123,0
DA:126,0
DA:127,0
DA:128,0
DA:129,0
DA:131,0
DA:134,0
DA:138,0
LF:63
LH:0
BRDA:27,0,0,0
BRDA:27,0,1,0
BRDA:21,1,0,0
BRDA:22,2,0,0
BRDA:24,3,0,0
BRDA:40,4,0,0
BRDA:48,5,0,0
BRDA:48,6,0,0
BRDA:48,6,1,0
BRDA:57,7,0,0
BRDA:57,7,1,0
BRDA:57,8,0,0
BRDA:57,8,1,0
BRDA:60,9,0,0
BRDA:60,9,1,0
BRDA:73,10,0,0
BRDA:73,10,1,0
BRDA:73,11,0,0
BRDA:73,11,1,0
BRDA:85,12,0,0
BRDA:113,13,0,0
BRDA:100,14,0,0
BRDA:107,15,0,0
BRDA:107,16,0,0
BRDA:107,16,1,0
BRDA:113,17,0,0
BRDA:113,17,1,0
BRDA:122,18,0,0
BRDA:128,19,0,0
BRDA:128,19,1,0
BRF:30
BRH:0
end_of_record
TN:
SF:src/spinner.ts
FN:4,(anonymous_1)
FN:10,Spinner
FN:21,(anonymous_3)
FN:25,(anonymous_4)
FN:32,(anonymous_5)
FN:41,(anonymous_6)
FN:50,(anonymous_7)
FN:51,(anonymous_8)
FN:66,(anonymous_9)
FN:70,(anonymous_10)
FN:77,(anonymous_11)
FN:79,(anonymous_12)
FN:82,(anonymous_13)
FN:85,(anonymous_14)
FNF:14
FNH:0
FNDA:0,(anonymous_1)
FNDA:0,Spinner
FNDA:0,(anonymous_3)
FNDA:0,(anonymous_4)
FNDA:0,(anonymous_5)
FNDA:0,(anonymous_6)
FNDA:0,(anonymous_7)
FNDA:0,(anonymous_8)
FNDA:0,(anonymous_9)
FNDA:0,(anonymous_10)
FNDA:0,(anonymous_11)
FNDA:0,(anonymous_12)
FNDA:0,(anonymous_13)
FNDA:0,(anonymous_14)
DA:1,0
DA:2,0
DA:4,0
DA:10,0
DA:11,0
DA:12,0
DA:13,0
DA:14,0
DA:17,0
DA:18,0
DA:21,0
DA:22,0
DA:25,0
DA:26,0
DA:27,0
DA:30,0
DA:32,0
DA:33,0
DA:34,0
DA:35,0
DA:38,0
DA:41,0
DA:42,0
DA:43,0
DA:46,0
DA:47,0
DA:48,0
DA:50,0
DA:51,0
DA:52,0
DA:53,0
DA:54,0
DA:55,0
DA:57,0
DA:58,0
DA:60,0
DA:66,0
DA:67,0
DA:70,0
DA:71,0
DA:73,0
DA:75,0
DA:76,0
DA:77,0
DA:78,0
DA:79,0
DA:80,0
DA:81,0
DA:82,0
DA:83,0
DA:84,0
DA:85,0
DA:86,0
LF:53
LH:0
BRDA:10,0,0,0
BRDA:12,1,0,0
BRDA:26,2,0,0
BRDA:42,3,0,0
BRDA:54,4,0,0
BRDA:75,5,0,0
BRF:6
BRH:0
end_of_record
TN:
SF:src/topologyResolver.ts
FN:121,parseRpcNodeTypes
FN:149,parsePlacementDsl
FN:162,(anonymous_17)
FN:171,resolveAzureTopology
FN:316,resolveRegions
FN:340,(anonymous_20)
FN:344,(anonymous_21)
FN:345,(anonymous_22)
FN:353,resolveTopologyFromFile
FN:363,(anonymous_24)
FNF:10
FNH:0
FNDA:0,parseRpcNodeTypes
FNDA:0,parsePlacementDsl
FNDA:0,(anonymous_17)
FNDA:0,resolveAzureTopology
FNDA:0,resolveRegions
FNDA:0,(anonymous_20)
FNDA:0,(anonymous_21)
FNDA:0,(anonymous_22)
FNDA:0,resolveTopologyFromFile
FNDA:0,(anonymous_24)
DA:5,0
DA:7,0
DA:121,0
DA:122,0
DA:124,0
DA:127,0
DA:128,0
DA:129,0
DA:131,0
DA:132,0
DA:134,0
DA:135,0
DA:137,0
DA:138,0
DA:140,0
DA:146,0
DA:149,0
DA:150,0
DA:152,0
DA:155,0
DA:156,0
DA:157,0
DA:159,0
DA:160,0
DA:162,0
DA:163,0
DA:165,0
DA:168,0
DA:171,0
DA:173,0
DA:174,0
DA:177,0
DA:178,0
DA:183,0
DA:184,0
DA:185,0
DA:186,0
DA:188,0
DA:190,0
DA:191,0
DA:196,0
DA:199,0
DA:202,0
DA:205,0
DA:206,0
DA:209,0
DA:210,0
DA:211,0
DA:221,0
DA:222,0
DA:223,0
DA:232,0
DA:234,0
DA:235,0
DA:236,0
DA:238,0
DA:248,0
DA:250,0
DA:251,0
DA:252,0
DA:254,0
DA:266,0
DA:267,0
DA:268,0
DA:277,0
DA:278,0
DA:279,0
DA:280,0
DA:281,0
DA:282,0
DA:292,0
DA:293,0
DA:297,0
DA:298,0
DA:303,0
DA:304,0
DA:308,0
DA:317,0
DA:320,0
DA:321,0
DA:324,0
DA:325,0
DA:328,0
DA:329,0
DA:330,0
DA:334,0
DA:338,0
DA:339,0
DA:340,0
DA:344,0
DA:345,0
DA:346,0
DA:347,0
DA:350,0
DA:354,0
DA:357,0
DA:358,0
DA:359,0
DA:361,0
DA:362,0
DA:363,0
DA:365,0
DA:366,0
DA:368,0
DA:371,0
DA:372,0
DA:375,0
DA:376,0
DA:379,0
DA:380,0
DA:381,0
DA:390,0
DA:391,0
DA:392,0
DA:401,0
DA:402,0
DA:403,0
DA:404,0
DA:406,0
DA:419,0
DA:420,0
DA:421,0
DA:422,0
DA:423,0
DA:433,0
LF:125
LH:0
BRDA:122,0,0,0
BRDA:129,1,0,0
BRDA:132,2,0,0
BRDA:137,3,0,0
BRDA:137,4,0,0
BRDA:137,4,1,0
BRDA:137,4,2,0
BRDA:137,4,3,0
BRDA:138,5,0,0
BRDA:146,6,0,0
BRDA:146,6,1,0
BRDA:150,7,0,0
BRDA:157,8,0,0
BRDA:160,9,0,0
BRDA:160,10,0,0
BRDA:160,10,1,0
BRDA:160,10,2,0
BRDA:163,11,0,0
BRDA:168,12,0,0
BRDA:168,12,1,0
BRDA:173,13,0,0
BRDA:173,14,0,0
BRDA:173,14,1,0
BRDA:183,15,0,0
BRDA:190,16,0,0
BRDA:190,16,1,0
BRDA:205,17,0,0
BRDA:205,17,1,0
BRDA:209,18,0,0
BRDA:209,19,0,0
BRDA:209,19,1,0
BRDA:210,20,0,0
BRDA:210,20,1,0
BRDA:210,21,0,0
BRDA:210,21,1,0
BRDA:210,22,0,0
BRDA:210,22,1,0
BRDA:213,23,0,0
BRDA:213,23,1,0
BRDA:215,24,0,0
BRDA:215,24,1,0
BRDA:215,25,0,0
BRDA:215,25,1,0
BRDA:216,26,0,0
BRDA:216,26,1,0
BRDA:216,27,0,0
BRDA:216,27,1,0
BRDA:221,28,0,0
BRDA:221,29,0,0
BRDA:221,29,1,0
BRDA:222,30,0,0
BRDA:222,30,1,0
BRDA:222,31,0,0
BRDA:222,31,1,0
BRDA:222,32,0,0
BRDA:222,32,1,0
BRDA:225,33,0,0
BRDA:225,33,1,0
BRDA:226,34,0,0
BRDA:226,34,1,0
BRDA:227,35,0,0
BRDA:227,35,1,0
BRDA:227,36,0,0
BRDA:227,36,1,0
BRDA:232,37,0,0
BRDA:232,37,1,0
BRDA:235,38,0,0
BRDA:235,38,1,0
BRDA:235,39,0,0
BRDA:235,39,1,0
BRDA:235,40,0,0
BRDA:235,40,1,0
BRDA:239,41,0,0
BRDA:239,41,1,0
BRDA:240,42,0,0
BRDA:240,42,1,0
BRDA:240,42,2,0
BRDA:244,43,0,0
BRDA:244,43,1,0
BRDA:244,44,0,0
BRDA:244,44,1,0
BRDA:244,45,0,0
BRDA:244,45,1,0
BRDA:245,46,0,0
BRDA:245,46,1,0
BRDA:245,47,0,0
BRDA:245,47,1,0
BRDA:245,48,0,0
BRDA:245,48,1,0
BRDA:248,49,0,0
BRDA:248,50,0,0
BRDA:248,50,1,0
BRDA:250,51,0,0
BRDA:250,51,1,0
BRDA:250,52,0,0
BRDA:250,52,1,0
BRDA:250,53,0,0
BRDA:250,53,1,0
BRDA:251,54,0,0
BRDA:251,54,1,0
BRDA:256,55,0,0
BRDA:256,55,1,0
BRDA:257,56,0,0
BRDA:257,56,1,0
BRDA:260,57,0,0
BRDA:260,57,1,0
BRDA:260,58,0,0
BRDA:260,58,1,0
BRDA:261,59,0,0
BRDA:261,59,1,0
BRDA:261,60,0,0
BRDA:261,60,1,0
BRDA:266,61,0,0
BRDA:266,62,0,0
BRDA:266,62,1,0
BRDA:267,63,0,0
BRDA:267,63,1,0
BRDA:267,64,0,0
BRDA:267,64,1,0
BRDA:267,65,0,0
BRDA:267,65,1,0
BRDA:270,66,0,0
BRDA:270,66,1,0
BRDA:271,67,0,0
BRDA:271,67,1,0
BRDA:272,68,0,0
BRDA:272,68,1,0
BRDA:272,69,0,0
BRDA:272,69,1,0
BRDA:279,70,0,0
BRDA:279,70,1,0
BRDA:280,71,0,0
BRDA:281,72,0,0
BRDA:281,72,1,0
BRDA:281,73,0,0
BRDA:281,73,1,0
BRDA:281,74,0,0
BRDA:281,74,1,0
BRDA:284,75,0,0
BRDA:284,75,1,0
BRDA:286,76,0,0
BRDA:286,76,1,0
BRDA:286,77,0,0
BRDA:286,77,1,0
BRDA:292,78,0,0
BRDA:297,79,0,0
BRDA:303,80,0,0
BRDA:303,81,0,0
BRDA:303,81,1,0
BRDA:320,82,0,0
BRDA:320,82,1,0
BRDA:320,83,0,0
BRDA:320,83,1,0
BRDA:324,84,0,0
BRDA:324,84,1,0
BRDA:328,85,0,0
BRDA:328,85,1,0
BRDA:329,86,0,0
BRDA:329,86,1,0
BRDA:338,87,0,0
BRDA:338,88,0,0
BRDA:338,88,1,0
BRDA:346,89,0,0
BRDA:357,90,0,0
BRDA:357,90,1,0
BRDA:358,91,0,0
BRDA:358,91,1,0
BRDA:361,92,0,0
BRDA:365,93,0,0
BRDA:365,93,1,0
BRDA:372,94,0,0
BRDA:372,94,1,0
BRDA:372,94,2,0
BRDA:375,95,0,0
BRDA:379,96,0,0
BRDA:382,97,0,0
BRDA:382,97,1,0
BRDA:383,98,0,0
BRDA:383,98,1,0
BRDA:384,99,0,0
BRDA:384,99,1,0
BRDA:384,99,2,0
BRDA:385,100,0,0
BRDA:385,100,1,0
BRDA:390,101,0,0
BRDA:393,102,0,0
BRDA:393,102,1,0
BRDA:394,103,0,0
BRDA:394,103,1,0
BRDA:395,104,0,0
BRDA:395,104,1,0
BRDA:395,104,2,0
BRDA:401,105,0,0
BRDA:403,106,0,0
BRDA:403,106,1,0
BRDA:407,107,0,0
BRDA:407,107,1,0
BRDA:408,108,0,0
BRDA:408,108,1,0
BRDA:409,109,0,0
BRDA:409,109,1,0
BRDA:422,110,0,0
BRDA:424,111,0,0
BRDA:424,111,1,0
BRDA:425,112,0,0
BRDA:425,112,1,0
BRDA:426,113,0,0
BRDA:426,113,1,0
BRDA:437,114,0,0
BRDA:437,114,1,0
BRDA:438,115,0,0
BRDA:438,115,1,0
BRF:212
BRH:0
end_of_record
TN:
SF:src/genesis/factory.ts
FN:19,generateGenesis
FN:78,presetToConsensus
FN:87,defaultChainIdFor
FNF:3
FNH:0
FNDA:0,generateGenesis
FNDA:0,presetToConsensus
FNDA:0,defaultChainIdFor
DA:19,0
DA:21,0
DA:22,0
DA:25,0
DA:26,0
DA:27,0
DA:29,0
DA:30,0
DA:41,0
DA:54,0
DA:57,0
DA:61,0
DA:62,0
DA:64,0
DA:65,0
DA:66,0
DA:69,0
DA:72,0
DA:79,0
DA:80,0
DA:81,0
DA:82,0
DA:83,0
DA:88,0
DA:89,0
DA:90,0
DA:91,0
DA:92,0
DA:93,0
LF:29
LH:0
BRDA:21,0,0,0
BRDA:21,1,0,0
BRDA:21,1,1,0
BRDA:25,2,0,0
BRDA:25,2,1,0
BRDA:25,3,0,0
BRDA:25,3,1,0
BRDA:26,4,0,0
BRDA:29,5,0,0
BRDA:29,5,1,0
BRDA:30,6,0,0
BRDA:30,6,1,0
BRDA:54,7,0,0
BRDA:54,7,1,0
BRDA:54,7,2,0
BRDA:54,7,3,0
BRDA:79,8,0,0
BRDA:79,8,1,0
BRDA:79,8,2,0
BRDA:79,8,3,0
BRDA:88,9,0,0
BRDA:88,9,1,0
BRDA:88,9,2,0
BRDA:88,9,3,0
BRDA:88,9,4,0
BRF:25
BRH:0
end_of_record
